{
  "stats": {
    "suites": 1,
    "tests": 1,
    "passes": 1,
    "pending": 0,
    "failures": 0,
    "start": "2023-12-09T11:31:30.436Z",
    "end": "2023-12-09T11:31:34.356Z",
    "duration": 3920,
    "testsRegistered": 1,
    "passPercent": 100,
    "pendingPercent": 0,
    "other": 0,
    "hasOther": false,
    "skipped": 0,
    "hasSkipped": false
  },
  "results": [
    {
      "uuid": "f209a392-0e60-4214-a2c3-829e4bdc2a18",
      "title": "",
      "fullFile": "cypress\\e2e\\inventory_test.cy.js",
      "file": "cypress\\e2e\\inventory_test.cy.js",
      "beforeHooks": [],
      "afterHooks": [],
      "tests": [],
      "suites": [
        {
          "uuid": "24dc500a-de1f-4b0a-a5a1-35d33c339f60",
          "title": "Inventory Fixture",
          "fullFile": "",
          "file": "",
          "beforeHooks": [],
          "afterHooks": [],
          "tests": [
            {
              "title": "Deberia seleccionar un producto desde el Home y verificar que sea el producto seleccionado",
              "fullTitle": "Inventory Fixture Deberia seleccionar un producto desde el Home y verificar que sea el producto seleccionado",
              "timedOut": null,
              "duration": 3849,
              "state": "passed",
              "speed": "fast",
              "pass": true,
              "fail": false,
              "pending": false,
              "context": "{\n  \"title\": \"cypress-mochawesome-reporter-videos-passed\",\n  \"value\": \"cypress\\\\e2e\\\\inventory_test.cy.js\"\n}",
              "code": "// Definir el nombre del producto que esperas seleccionar\nconst nombreProductoSeleccionado = 'Sauce Labs Bike Light';\nhomePage.seleccionarProductoDesdeElHome(nombreProductoSeleccionado);\nutils.obtenerTextoYComparar(_inventoryLocators.default.product_name, nombreProductoSeleccionado);",
              "err": {},
              "uuid": "f27b5a8b-6563-4f2d-b2b2-9c5dc3b31c27",
              "parentUUID": "24dc500a-de1f-4b0a-a5a1-35d33c339f60",
              "isHook": false,
              "skipped": false
            }
          ],
          "suites": [],
          "passes": [
            "f27b5a8b-6563-4f2d-b2b2-9c5dc3b31c27"
          ],
          "failures": [],
          "pending": [],
          "skipped": [],
          "duration": 3849,
          "root": false,
          "rootEmpty": false,
          "_timeout": 2000
        }
      ],
      "passes": [],
      "failures": [],
      "pending": [],
      "skipped": [],
      "duration": 0,
      "root": true,
      "rootEmpty": true,
      "_timeout": 2000
    }
  ],
  "meta": {
    "mocha": {
      "version": "7.0.1"
    },
    "mochawesome": {
      "options": {
        "quiet": false,
        "reportFilename": "mochawesome",
        "saveHtml": false,
        "saveJson": true,
        "consoleReporter": "spec",
        "useInlineDiffs": false,
        "code": true
      },
      "version": "7.1.3"
    },
    "marge": {
      "options": {
        "reportDir": "cypress/reports",
        "overwrite": false,
        "html": false,
        "timestampFilename": true
      },
      "version": "6.2.0"
    }
  }
}