{
  "stats": {
    "suites": 1,
    "tests": 8,
    "passes": 8,
    "pending": 0,
    "failures": 0,
    "start": "2023-12-09T11:31:41.834Z",
    "end": "2023-12-09T11:31:55.613Z",
    "duration": 13779,
    "testsRegistered": 8,
    "passPercent": 100,
    "pendingPercent": 0,
    "other": 0,
    "hasOther": false,
    "skipped": 0,
    "hasSkipped": false
  },
  "results": [
    {
      "uuid": "34cf3480-6e32-4709-b1da-b1d51a4ef558",
      "title": "",
      "fullFile": "cypress\\e2e\\login_test.cy.js",
      "file": "cypress\\e2e\\login_test.cy.js",
      "beforeHooks": [],
      "afterHooks": [],
      "tests": [],
      "suites": [
        {
          "uuid": "43c9982e-141d-4585-b3a8-f049b51d5f78",
          "title": "Login Fixture",
          "fullFile": "",
          "file": "",
          "beforeHooks": [],
          "afterHooks": [],
          "tests": [
            {
              "title": "Deberia intentar ingresar con usuario incorrecto a Saucedemo",
              "fullTitle": "Login Fixture Deberia intentar ingresar con usuario incorrecto a Saucedemo",
              "timedOut": null,
              "duration": 2837,
              "state": "passed",
              "speed": "fast",
              "pass": true,
              "fail": false,
              "pending": false,
              "context": "{\n  \"title\": \"cypress-mochawesome-reporter-videos-passed\",\n  \"value\": \"cypress\\\\e2e\\\\login_test.cy.js\"\n}",
              "code": "loginPage.ingresarUsername(\"standard_error\");\nloginPage.ingresarPassword(\"secret_sauce\");\nloginPage.clickLogin();\nutils.verificarElementoYContenido(_loginLocators.default.msg_error, 'Epic sadface: Username and password do not match any user in this service');",
              "err": {},
              "uuid": "66600518-c082-4a32-9192-c573bc78fd36",
              "parentUUID": "43c9982e-141d-4585-b3a8-f049b51d5f78",
              "isHook": false,
              "skipped": false
            },
            {
              "title": "Deberia intentar ingresar con contraseña incorrecta a Saucedemo",
              "fullTitle": "Login Fixture Deberia intentar ingresar con contraseña incorrecta a Saucedemo",
              "timedOut": null,
              "duration": 1134,
              "state": "passed",
              "speed": "fast",
              "pass": true,
              "fail": false,
              "pending": false,
              "context": "{\n  \"title\": \"cypress-mochawesome-reporter-videos-passed\",\n  \"value\": \"cypress\\\\e2e\\\\login_test.cy.js\"\n}",
              "code": "loginPage.ingresarUsername(\"standard_user\");\nloginPage.ingresarPassword(\"error\");\nloginPage.clickLogin();\nutils.verificarElementoYContenido(_loginLocators.default.msg_error, 'Epic sadface: Username and password do not match any user in this service');",
              "err": {},
              "uuid": "deba6c0c-1cca-4aaa-93de-3b1f7b27ed1a",
              "parentUUID": "43c9982e-141d-4585-b3a8-f049b51d5f78",
              "isHook": false,
              "skipped": false
            },
            {
              "title": "Deberia intentar ingresar con usuario y contraseña incorrecta a Saucedemo",
              "fullTitle": "Login Fixture Deberia intentar ingresar con usuario y contraseña incorrecta a Saucedemo",
              "timedOut": null,
              "duration": 1144,
              "state": "passed",
              "speed": "fast",
              "pass": true,
              "fail": false,
              "pending": false,
              "context": "{\n  \"title\": \"cypress-mochawesome-reporter-videos-passed\",\n  \"value\": \"cypress\\\\e2e\\\\login_test.cy.js\"\n}",
              "code": "loginPage.ingresarUsername(\"standard_error\");\nloginPage.ingresarPassword(\"error\");\nloginPage.clickLogin();\nutils.verificarElementoYContenido(_loginLocators.default.msg_error, 'Epic sadface: Username and password do not match any user in this service');",
              "err": {},
              "uuid": "74b86b84-5d98-4186-a7dd-9146f0800cb1",
              "parentUUID": "43c9982e-141d-4585-b3a8-f049b51d5f78",
              "isHook": false,
              "skipped": false
            },
            {
              "title": "Deberia intentar ingresar sin usuario a Saucedemo",
              "fullTitle": "Login Fixture Deberia intentar ingresar sin usuario a Saucedemo",
              "timedOut": null,
              "duration": 1240,
              "state": "passed",
              "speed": "fast",
              "pass": true,
              "fail": false,
              "pending": false,
              "context": "{\n  \"title\": \"cypress-mochawesome-reporter-videos-passed\",\n  \"value\": \"cypress\\\\e2e\\\\login_test.cy.js\"\n}",
              "code": "loginPage.ingresarPassword('secret_sauce');\nloginPage.clickLogin();\nutils.verificarElementoYContenido(_loginLocators.default.msg_error, 'Epic sadface: Username is required');",
              "err": {},
              "uuid": "8e9b603a-4e2d-4499-8d51-6fd95b37f45c",
              "parentUUID": "43c9982e-141d-4585-b3a8-f049b51d5f78",
              "isHook": false,
              "skipped": false
            },
            {
              "title": "Deberia intentar ingresar sin contraseña a Saucedemo",
              "fullTitle": "Login Fixture Deberia intentar ingresar sin contraseña a Saucedemo",
              "timedOut": null,
              "duration": 1473,
              "state": "passed",
              "speed": "fast",
              "pass": true,
              "fail": false,
              "pending": false,
              "context": "{\n  \"title\": \"cypress-mochawesome-reporter-videos-passed\",\n  \"value\": \"cypress\\\\e2e\\\\login_test.cy.js\"\n}",
              "code": "loginPage.ingresarUsername('standard_user');\nloginPage.clickLogin();\nutils.verificarElementoYContenido(_loginLocators.default.msg_error, 'Epic sadface: Password is required');",
              "err": {},
              "uuid": "3e0c5b74-0ce7-421e-924e-1add07a6d427",
              "parentUUID": "43c9982e-141d-4585-b3a8-f049b51d5f78",
              "isHook": false,
              "skipped": false
            },
            {
              "title": "Deberia intentar ingresar sin usuario y sin contraseña a Saucedemo",
              "fullTitle": "Login Fixture Deberia intentar ingresar sin usuario y sin contraseña a Saucedemo",
              "timedOut": null,
              "duration": 899,
              "state": "passed",
              "speed": "fast",
              "pass": true,
              "fail": false,
              "pending": false,
              "context": "{\n  \"title\": \"cypress-mochawesome-reporter-videos-passed\",\n  \"value\": \"cypress\\\\e2e\\\\login_test.cy.js\"\n}",
              "code": "loginPage.clickLogin();\nutils.verificarElementoYContenido(_loginLocators.default.msg_error, 'Epic sadface: Username is required');",
              "err": {},
              "uuid": "eb4a1406-f4f6-49a8-b005-f1d3ede7ce10",
              "parentUUID": "43c9982e-141d-4585-b3a8-f049b51d5f78",
              "isHook": false,
              "skipped": false
            },
            {
              "title": "Deberia ingresar con contraseña y usuario correcto a la pagina de Saucedemo",
              "fullTitle": "Login Fixture Deberia ingresar con contraseña y usuario correcto a la pagina de Saucedemo",
              "timedOut": null,
              "duration": 2127,
              "state": "passed",
              "speed": "fast",
              "pass": true,
              "fail": false,
              "pending": false,
              "context": "{\n  \"title\": \"cypress-mochawesome-reporter-videos-passed\",\n  \"value\": \"cypress\\\\e2e\\\\login_test.cy.js\"\n}",
              "code": "loginPage.ingresarUsername('standard_user');\nloginPage.ingresarPassword('secret_sauce');\nloginPage.clickLogin();\nutils.verificarUrl(\"https://www.saucedemo.com/inventory.html\");\nutils.verificarElementoYContenido(_homeLocators.default.titulo_home, \"Swag Labs\");",
              "err": {},
              "uuid": "76e7f132-1575-4b4b-be68-1799e5f89f6f",
              "parentUUID": "43c9982e-141d-4585-b3a8-f049b51d5f78",
              "isHook": false,
              "skipped": false
            },
            {
              "title": "Deberia desloguearse de la pagina de Saucedemo a traves del menu hamburguesa",
              "fullTitle": "Login Fixture Deberia desloguearse de la pagina de Saucedemo a traves del menu hamburguesa",
              "timedOut": null,
              "duration": 2617,
              "state": "passed",
              "speed": "fast",
              "pass": true,
              "fail": false,
              "pending": false,
              "context": "{\n  \"title\": \"cypress-mochawesome-reporter-videos-passed\",\n  \"value\": \"cypress\\\\e2e\\\\login_test.cy.js\"\n}",
              "code": "loginPage.loginFull(\"standard_user\", \"secret_sauce\");\nhomePage.clickBtnBurger();\nhomePage.click_logout();\nutils.verificarElementoYContenido(_loginLocators.default.login_logo, \"Swag Labs\");",
              "err": {},
              "uuid": "18dbe7cc-7822-451b-b432-a8d64f0b53a6",
              "parentUUID": "43c9982e-141d-4585-b3a8-f049b51d5f78",
              "isHook": false,
              "skipped": false
            }
          ],
          "suites": [],
          "passes": [
            "66600518-c082-4a32-9192-c573bc78fd36",
            "deba6c0c-1cca-4aaa-93de-3b1f7b27ed1a",
            "74b86b84-5d98-4186-a7dd-9146f0800cb1",
            "8e9b603a-4e2d-4499-8d51-6fd95b37f45c",
            "3e0c5b74-0ce7-421e-924e-1add07a6d427",
            "eb4a1406-f4f6-49a8-b005-f1d3ede7ce10",
            "76e7f132-1575-4b4b-be68-1799e5f89f6f",
            "18dbe7cc-7822-451b-b432-a8d64f0b53a6"
          ],
          "failures": [],
          "pending": [],
          "skipped": [],
          "duration": 13471,
          "root": false,
          "rootEmpty": false,
          "_timeout": 2000
        }
      ],
      "passes": [],
      "failures": [],
      "pending": [],
      "skipped": [],
      "duration": 0,
      "root": true,
      "rootEmpty": true,
      "_timeout": 2000
    }
  ],
  "meta": {
    "mocha": {
      "version": "7.0.1"
    },
    "mochawesome": {
      "options": {
        "quiet": false,
        "reportFilename": "mochawesome",
        "saveHtml": false,
        "saveJson": true,
        "consoleReporter": "spec",
        "useInlineDiffs": false,
        "code": true
      },
      "version": "7.1.3"
    },
    "marge": {
      "options": {
        "reportDir": "cypress/reports",
        "overwrite": false,
        "html": false,
        "timestampFilename": true
      },
      "version": "6.2.0"
    }
  }
}