{
  "stats": {
    "suites": 1,
    "tests": 5,
    "passes": 5,
    "pending": 0,
    "failures": 0,
    "start": "2023-12-09T11:32:04.639Z",
    "end": "2023-12-09T11:32:27.110Z",
    "duration": 22471,
    "testsRegistered": 5,
    "passPercent": 100,
    "pendingPercent": 0,
    "other": 0,
    "hasOther": false,
    "skipped": 0,
    "hasSkipped": false
  },
  "results": [
    {
      "uuid": "bdecd3b6-275f-482c-8e96-ee7ed91d19e6",
      "title": "",
      "fullFile": "cypress\\e2e\\shoppingcart_test.cy.js",
      "file": "cypress\\e2e\\shoppingcart_test.cy.js",
      "beforeHooks": [],
      "afterHooks": [],
      "tests": [],
      "suites": [
        {
          "uuid": "8673ddcc-be9d-428b-b735-198324a139e0",
          "title": "Shopping Cart Fixture",
          "fullFile": "",
          "file": "",
          "beforeHooks": [],
          "afterHooks": [],
          "tests": [
            {
              "title": "Deberia agregar un producto al carrito y verificar que se haya agregado correctamente",
              "fullTitle": "Shopping Cart Fixture Deberia agregar un producto al carrito y verificar que se haya agregado correctamente",
              "timedOut": null,
              "duration": 4039,
              "state": "passed",
              "speed": "fast",
              "pass": true,
              "fail": false,
              "pending": false,
              "context": "{\n  \"title\": \"cypress-mochawesome-reporter-videos-passed\",\n  \"value\": \"cypress\\\\e2e\\\\shoppingcart_test.cy.js\"\n}",
              "code": "// Elegir producto para agregar\nconst producto = 'Sauce Labs Bike Light';\nutils.obtenerPrecioProductoSeleccionado(producto).then(precioProducto => {\n  utils.elegirProductoYAgregarAlCarrito(producto);\n  utils.verificarProductoAgregadoAlCarrito(_shoppingcartLocators.default.shopping_cart_badge);\n  homePage.dirigirseAlCarrito();\n  utils.verificarUrl(\"https://www.saucedemo.com/cart.html\");\n  utils.verificarElementoYContenido(_shoppingcartLocators.default.titulo_cart, 'Your Cart');\n  utils.obtenerTextoYComparar(_shoppingcartLocators.default.titulo_product_cart, producto);\n  shoppingcartPage.obtenerPrecioYComparar(_shoppingcartLocators.default.item_price, precioProducto);\n});",
              "err": {},
              "uuid": "2e41ce91-67e1-487f-b023-2141bc95301d",
              "parentUUID": "8673ddcc-be9d-428b-b735-198324a139e0",
              "isHook": false,
              "skipped": false
            },
            {
              "title": "Deberia agregar un producto al carrito y visualizar el detalle del producto desde el inventario",
              "fullTitle": "Shopping Cart Fixture Deberia agregar un producto al carrito y visualizar el detalle del producto desde el inventario",
              "timedOut": null,
              "duration": 2662,
              "state": "passed",
              "speed": "fast",
              "pass": true,
              "fail": false,
              "pending": false,
              "context": "{\n  \"title\": \"cypress-mochawesome-reporter-videos-passed\",\n  \"value\": \"cypress\\\\e2e\\\\shoppingcart_test.cy.js\"\n}",
              "code": "// Elegir producto para agregar\nconst producto = 'Sauce Labs Bike Light';\nutils.obtenerPrecioProductoSeleccionado(producto).then(precioProducto => {\n  utils.elegirProductoYAgregarAlCarrito(producto);\n  utils.verificarProductoAgregadoAlCarrito(_shoppingcartLocators.default.shopping_cart_badge);\n  homePage.dirigirseAlCarrito();\n  utils.verificarUrl(\"https://www.saucedemo.com/cart.html\");\n  utils.verificarElementoYContenido(_shoppingcartLocators.default.titulo_cart, 'Your Cart');\n  utils.obtenerTextoYComparar(_shoppingcartLocators.default.titulo_product_cart, producto);\n  shoppingcartPage.obtenerPrecioYComparar(_shoppingcartLocators.default.item_price, precioProducto);\n});\nshoppingcartPage.clickTituloProducto();\nutils.verificarProductoAgregadoAlCarrito(_shoppingcartLocators.default.shopping_cart_badge);\nutils.verificarElementoYContenido(_inventoryLocators.default.product_name, producto);",
              "err": {},
              "uuid": "b37f86ad-e180-4701-a873-67c6c39bae23",
              "parentUUID": "8673ddcc-be9d-428b-b735-198324a139e0",
              "isHook": false,
              "skipped": false
            },
            {
              "title": "Deberia remover un producto del carrito",
              "fullTitle": "Shopping Cart Fixture Deberia remover un producto del carrito",
              "timedOut": null,
              "duration": 3364,
              "state": "passed",
              "speed": "fast",
              "pass": true,
              "fail": false,
              "pending": false,
              "context": "{\n  \"title\": \"cypress-mochawesome-reporter-videos-passed\",\n  \"value\": \"cypress\\\\e2e\\\\shoppingcart_test.cy.js\"\n}",
              "code": "// Elegir producto para agregar\nconst producto = 'Sauce Labs Backpack';\nutils.obtenerPrecioProductoSeleccionado(producto).then(precioProducto => {\n  utils.elegirProductoYAgregarAlCarrito(producto);\n  utils.verificarProductoAgregadoAlCarrito(_shoppingcartLocators.default.shopping_cart_badge);\n  homePage.dirigirseAlCarrito();\n  utils.verificarUrl(\"https://www.saucedemo.com/cart.html\");\n  utils.verificarElementoYContenido(_shoppingcartLocators.default.titulo_cart, 'Your Cart');\n  utils.obtenerTextoYComparar(_shoppingcartLocators.default.titulo_product_cart, producto);\n  shoppingcartPage.obtenerPrecioYComparar(_shoppingcartLocators.default.item_price, precioProducto);\n});\nutils.removerProductoDelCarrito(producto);\nutils.verificarCarritoVacio(_shoppingcartLocators.default.shopping_cart_link);",
              "err": {},
              "uuid": "1e6177f4-f38b-477e-bf83-e8c36de528ff",
              "parentUUID": "8673ddcc-be9d-428b-b735-198324a139e0",
              "isHook": false,
              "skipped": false
            },
            {
              "title": "Deberia remover un producto del carrito y continuar comprando",
              "fullTitle": "Shopping Cart Fixture Deberia remover un producto del carrito y continuar comprando",
              "timedOut": null,
              "duration": 4156,
              "state": "passed",
              "speed": "fast",
              "pass": true,
              "fail": false,
              "pending": false,
              "context": "{\n  \"title\": \"cypress-mochawesome-reporter-videos-passed\",\n  \"value\": \"cypress\\\\e2e\\\\shoppingcart_test.cy.js\"\n}",
              "code": "// Elegir producto para agregar\nconst producto = 'Sauce Labs Backpack';\nutils.obtenerPrecioProductoSeleccionado(producto).then(precioProducto => {\n  utils.elegirProductoYAgregarAlCarrito(producto);\n  utils.verificarProductoAgregadoAlCarrito(_shoppingcartLocators.default.shopping_cart_badge);\n  homePage.dirigirseAlCarrito();\n  utils.verificarUrl(\"https://www.saucedemo.com/cart.html\");\n  utils.verificarElementoYContenido(_shoppingcartLocators.default.titulo_cart, 'Your Cart');\n  utils.obtenerTextoYComparar(_shoppingcartLocators.default.titulo_product_cart, producto);\n  shoppingcartPage.obtenerPrecioYComparar(_shoppingcartLocators.default.item_price, precioProducto);\n});\nutils.removerProductoDelCarrito(producto);\nutils.verificarCarritoVacio(_shoppingcartLocators.default.shopping_cart_link);\nshoppingcartPage.clickContinuarComprando();\nutils.verificarUrl(\"https://www.saucedemo.com/inventory.html\");\nutils.verificarElementoYContenido(_homeLocators.default.titulo_home, 'Swag Labs');",
              "err": {},
              "uuid": "408f06c2-ee80-434e-a80c-85d4c12db5a1",
              "parentUUID": "8673ddcc-be9d-428b-b735-198324a139e0",
              "isHook": false,
              "skipped": false
            },
            {
              "title": "Deberia agregar un producto al carrito y dirigirse al Checkout correctamente",
              "fullTitle": "Shopping Cart Fixture Deberia agregar un producto al carrito y dirigirse al Checkout correctamente",
              "timedOut": null,
              "duration": 7504,
              "state": "passed",
              "speed": "medium",
              "pass": true,
              "fail": false,
              "pending": false,
              "context": "{\n  \"title\": \"cypress-mochawesome-reporter-videos-passed\",\n  \"value\": \"cypress\\\\e2e\\\\shoppingcart_test.cy.js\"\n}",
              "code": "// Elegir producto para agregar\nconst producto = 'Sauce Labs Bike Light';\nutils.obtenerPrecioProductoSeleccionado(producto).then(precioProducto => {\n  utils.elegirProductoYAgregarAlCarrito(producto);\n  utils.verificarProductoAgregadoAlCarrito(_shoppingcartLocators.default.shopping_cart_badge);\n  homePage.dirigirseAlCarrito();\n  utils.verificarUrl(\"https://www.saucedemo.com/cart.html\");\n  utils.verificarElementoYContenido(_shoppingcartLocators.default.titulo_cart, 'Your Cart');\n  utils.obtenerTextoYComparar(_shoppingcartLocators.default.titulo_product_cart, producto);\n  shoppingcartPage.obtenerPrecioYComparar(_shoppingcartLocators.default.item_price, precioProducto);\n});\nshoppingcartPage.clickCheckoutProduct();\nutils.verificarUrl(\"https://www.saucedemo.com/checkout-step-one.html\");\nutils.verificarElementoYContenido(_checkoutLocators.default.titulo_checkout, 'Checkout: Your Information');",
              "err": {},
              "uuid": "8ca26757-ba30-44b3-aa0e-2f65f10add9e",
              "parentUUID": "8673ddcc-be9d-428b-b735-198324a139e0",
              "isHook": false,
              "skipped": false
            }
          ],
          "suites": [],
          "passes": [
            "2e41ce91-67e1-487f-b023-2141bc95301d",
            "b37f86ad-e180-4701-a873-67c6c39bae23",
            "1e6177f4-f38b-477e-bf83-e8c36de528ff",
            "408f06c2-ee80-434e-a80c-85d4c12db5a1",
            "8ca26757-ba30-44b3-aa0e-2f65f10add9e"
          ],
          "failures": [],
          "pending": [],
          "skipped": [],
          "duration": 21725,
          "root": false,
          "rootEmpty": false,
          "_timeout": 2000
        }
      ],
      "passes": [],
      "failures": [],
      "pending": [],
      "skipped": [],
      "duration": 0,
      "root": true,
      "rootEmpty": true,
      "_timeout": 2000
    }
  ],
  "meta": {
    "mocha": {
      "version": "7.0.1"
    },
    "mochawesome": {
      "options": {
        "quiet": false,
        "reportFilename": "mochawesome",
        "saveHtml": false,
        "saveJson": true,
        "consoleReporter": "spec",
        "useInlineDiffs": false,
        "code": true
      },
      "version": "7.1.3"
    },
    "marge": {
      "options": {
        "reportDir": "cypress/reports",
        "overwrite": false,
        "html": false,
        "timestampFilename": true
      },
      "version": "6.2.0"
    }
  }
}